#
# There is insufficient memory for the Java Runtime Environment to continue.
# Native memory allocation (mmap) failed to map 268435456 bytes for Failed to commit area from 0x0000000701c00000 to 0x0000000711c00000 of length 268435456.
# Possible reasons:
#   The system is out of physical RAM or swap space
#   The process is running with CompressedOops enabled, and the Java Heap may be blocking the growth of the native heap
# Possible solutions:
#   Reduce memory load on the system
#   Increase physical memory or swap space
#   Check if swap backing store is full
#   Decrease Java heap size (-Xmx/-Xms)
#   Decrease number of Java threads
#   Decrease Java thread stack sizes (-Xss)
#   Set larger code cache with -XX:ReservedCodeCacheSize=
# This output file may be truncated or incomplete.
#
#  Out of Memory Error (./src/hotspot/os/windows/os_windows.cpp:3301), pid=17736, tid=15368
#
# JRE version:  (11.0.11+9) (build )
# Java VM: OpenJDK 64-Bit Server VM (11.0.11+9-b60-7590822, mixed mode, sharing, tiered, compressed oops, g1 gc, windows-amd64)
# No core dump will be written. Minidumps are not enabled by default on client versions of Windows
#

---------------  S U M M A R Y ------------

Command Line: 

Host: Intel(R) Core(TM) i7-7700HQ CPU @ 2.80GHz, 8 cores, 15G,  Windows 10 , 64 bit Build 19041 (10.0.19041.1566)
Time: Mon Apr 11 09:54:10 2022 SE Asia Standard Time elapsed time: 0.009976 seconds (0d 0h 0m 0s)

---------------  T H R E A D  ---------------

Current thread (0x000001f8f2b17800):  JavaThread "Unknown thread" [_thread_in_vm, id=15368, stack(0x0000007f94100000,0x0000007f94200000)]

Stack: [0x0000007f94100000,0x0000007f94200000]
Native frames: (J=compiled Java code, j=interpreted, Vv=VM code, C=native code)
V  [jvm.dll+0x5f214a]
V  [jvm.dll+0x726fb5]
V  [jvm.dll+0x7285cd]
V  [jvm.dll+0x728c83]
V  [jvm.dll+0x243278]
V  [jvm.dll+0x5ef544]
V  [jvm.dll+0x5e4495]
V  [jvm.dll+0x2fec5b]
V  [jvm.dll+0x2febca]
V  [jvm.dll+0x2feaa2]
V  [jvm.dll+0x303986]
V  [jvm.dll+0x34c3a3]
V  [jvm.dll+0x34caa6]
V  [jvm.dll+0x34c4a3]
V  [jvm.dll+0x2d9688]
V  [jvm.dll+0x2da837]
V  [jvm.dll+0x705ba7]
V  [jvm.dll+0x70739c]
V  [jvm.dll+0x3598f9]
V  [jvm.dll+0x6e931e]
V  [jvm.dll+0x3c1c43]
V  [jvm.dll+0x3c3e81]
C  [jli.dll+0x5373]
C  [ucrtbase.dll+0x21bb2]
C  [KERNEL32.DLL+0x17034]
C  [ntdll.dll+0x52651]


---------------  P R O C E S S  ---------------

Threads class SMR info:
_java_thread_list=0x000001f8f288e6c0, length=0, elements={
}

Java Threads: ( => current thread )

Other Threads:
  0x000001f8f2b2f000 GCTaskThread "GC Thread#0" [stack: 0x0000007f94200000,0x0000007f94300000] [id=23936]
  0x000001f8f2b8c800 ConcurrentGCThread "G1 Main Marker" [stack: 0x0000007f94300000,0x0000007f94400000] [id=19656]
  0x000001f8f2b8e800 ConcurrentGCThread "G1 Conc#0" [stack: 0x0000007f94400000,0x0000007f94500000] [id=23140]

[error occurred during error reporting (printing all threads), id 0xc0000005, EXCEPTION_ACCESS_VIOLATION (0xc0000005) at pc=0x00007ff91d5d9c47]

VM state:not at safepoint (not fully initialized)

VM Mutex/Monitor currently owned by a thread:  ([mutex/lock_event])
[0x000001f8f2b13d60] Heap_lock - owner thread: 0x000001f8f2b17800

Heap address: 0x0000000701c00000, size: 4068 MB, Compressed Oops mode: Non-zero based: 0x0000000701c00000
Narrow klass base: 0x0000000000000000, Narrow klass shift: 0

GC Heap History (0 events):
No events

Deoptimization events (0 events):
No events

Classes redefined (0 events):
No events

Internal exceptions (0 events):
No events

Events (1 events):
Event: 0.006 Loaded shared library C:\Program Files\Android\Android Studio\jre\bin\zip.dll


Dynamic libraries:
0x00007ff606240000 - 0x00007ff60624a000 	C:\Program Files\Android\Android Studio\jre\bin\java.EXE
0x00007ff974cd0000 - 0x00007ff974ec5000 	C:\Windows\SYSTEM32\ntdll.dll
0x00007ff973e00000 - 0x00007ff973ebe000 	C:\Windows\System32\KERNEL32.DLL
0x00007ff972650000 - 0x00007ff972918000 	C:\Windows\System32\KERNELBASE.dll
0x00007ff972b80000 - 0x00007ff972c80000 	C:\Windows\System32\ucrtbase.dll
0x00007ff95c6f0000 - 0x00007ff95c709000 	C:\Program Files\Android\Android Studio\jre\bin\jli.dll
0x00007ff95c200000 - 0x00007ff95c217000 	C:\Program Files\Android\Android Studio\jre\bin\VCRUNTIME140.dll
0x00007ff9730f0000 - 0x00007ff973290000 	C:\Windows\System32\USER32.dll
0x00007ff972440000 - 0x00007ff972462000 	C:\Windows\System32\win32u.dll
0x00007ff9718e0000 - 0x00007ff971b7a000 	C:\Windows\WinSxS\amd64_microsoft.windows.common-controls_6595b64144ccf1df_6.0.19041.1110_none_60b5254171f9507e\COMCTL32.dll
0x00007ff9730c0000 - 0x00007ff9730eb000 	C:\Windows\System32\GDI32.dll
0x00007ff9739e0000 - 0x00007ff973a7e000 	C:\Windows\System32\msvcrt.dll
0x00007ff972470000 - 0x00007ff97257b000 	C:\Windows\System32\gdi32full.dll
0x00007ff9725b0000 - 0x00007ff97264d000 	C:\Windows\System32\msvcp_win.dll
0x00007ff972d30000 - 0x00007ff972d60000 	C:\Windows\System32\IMM32.DLL
0x00007ff94dcf0000 - 0x00007ff94dd8d000 	C:\Program Files\Android\Android Studio\jre\bin\msvcp140.dll
0x00007ff91d2f0000 - 0x00007ff91ddc5000 	C:\Program Files\Android\Android Studio\jre\bin\server\jvm.dll
0x00007ff973ff0000 - 0x00007ff97409e000 	C:\Windows\System32\ADVAPI32.dll
0x00007ff972f30000 - 0x00007ff972fcc000 	C:\Windows\System32\sechost.dll
0x00007ff974310000 - 0x00007ff974435000 	C:\Windows\System32\RPCRT4.dll
0x00007ff973cb0000 - 0x00007ff973cb8000 	C:\Windows\System32\PSAPI.DLL
0x00007ff95a170000 - 0x00007ff95a179000 	C:\Windows\SYSTEM32\WSOCK32.dll
0x00007ff95d100000 - 0x00007ff95d127000 	C:\Windows\SYSTEM32\WINMM.dll
0x00007ff96aee0000 - 0x00007ff96aeea000 	C:\Windows\SYSTEM32\VERSION.dll
0x00007ff973d20000 - 0x00007ff973d8b000 	C:\Windows\System32\WS2_32.dll
0x00007ff970690000 - 0x00007ff9706a2000 	C:\Windows\SYSTEM32\kernel.appcore.dll
0x00007ff959870000 - 0x00007ff959881000 	C:\Program Files\Android\Android Studio\jre\bin\verify.dll
0x00007ff971ef0000 - 0x00007ff9720d4000 	C:\Windows\SYSTEM32\DBGHELP.DLL
0x00007ff971ba0000 - 0x00007ff971bcc000 	C:\Windows\SYSTEM32\dbgcore.DLL
0x00007ff972990000 - 0x00007ff972a12000 	C:\Windows\System32\bcryptPrimitives.dll
0x00007ff956160000 - 0x00007ff956189000 	C:\Program Files\Android\Android Studio\jre\bin\java.dll
0x00007ff971de0000 - 0x00007ff971deb000 	C:\Program Files\Android\Android Studio\jre\bin\jimage.dll
0x00007ff957a50000 - 0x00007ff957a68000 	C:\Program Files\Android\Android Studio\jre\bin\zip.dll

dbghelp: loaded successfully - version: 4.0.5 - missing functions: none
symbol engine: initialized successfully - sym options: 0x614 - pdb path: .;C:\Program Files\Android\Android Studio\jre\bin;C:\Windows\SYSTEM32;C:\Windows\WinSxS\amd64_microsoft.windows.common-controls_6595b64144ccf1df_6.0.19041.1110_none_60b5254171f9507e;C:\Program Files\Android\Android Studio\jre\bin\server

VM Arguments:
java_command: <unknown>
java_class_path (initial): <not set>
Launcher Type: SUN_STANDARD

[Global flags]
     intx CICompilerCount                          = 4                                         {product} {ergonomic}
     uint ConcGCThreads                            = 2                                         {product} {ergonomic}
     uint G1ConcRefinementThreads                  = 8                                         {product} {ergonomic}
   size_t G1HeapRegionSize                         = 1048576                                   {product} {ergonomic}
    uintx GCDrainStackTargetSize                   = 64                                        {product} {ergonomic}
   size_t InitialHeapSize                          = 268435456                                 {product} {ergonomic}
   size_t MarkStackSize                            = 4194304                                   {product} {ergonomic}
   size_t MaxHeapSize                              = 4265607168                                {product} {ergonomic}
   size_t MinHeapDeltaBytes                        = 1048576                                   {product} {ergonomic}
    uintx NonNMethodCodeHeapSize                   = 5836300                                {pd product} {ergonomic}
    uintx NonProfiledCodeHeapSize                  = 122910970                              {pd product} {ergonomic}
    uintx ProfiledCodeHeapSize                     = 122910970                              {pd product} {ergonomic}
    uintx ReservedCodeCacheSize                    = 251658240                              {pd product} {ergonomic}
     bool SegmentedCodeCache                       = true                                      {product} {ergonomic}
     bool UseCompressedClassPointers               = true                                 {lp64_product} {ergonomic}
     bool UseCompressedOops                        = true                                 {lp64_product} {ergonomic}
     bool UseG1GC                                  = true                                      {product} {ergonomic}
     bool UseLargePagesIndividualAllocation        = false                                  {pd product} {ergonomic}

Logging:
Log output configuration:
 #0: stdout all=warning uptime,level,tags
 #1: stderr all=off uptime,level,tags

Environment Variables:
PATH=C:\Program Files\Common Files\Oracle\Java\javapath;C:\Windows\system32;C:\Windows;C:\Windows\System32\Wbem;C:\Windows\System32\WindowsPowerShell\v1.0\;C:\Windows\System32\OpenSSH\;C:\Program Files\Git\cmd;C:\Program Files\PuTTY\;C:\Users\user\AppData\Local\Microsoft\WindowsApps;C:\flutter\bin;;C:\Users\user\AppData\Local\Programs\Microsoft VS Code\bin;C:\flutter\bin\mingit\cmd
USERNAME=user
LANG=en_GB.UTF-8
OS=Windows_NT
PROCESSOR_IDENTIFIER=Intel64 Family 6 Model 158 Stepping 9, GenuineIntel



---------------  S Y S T E M  ---------------

OS: Windows 10 , 64 bit Build 19041 (10.0.19041.1566)
OS uptime: 20 days 0:54 hours

CPU:total 8 (initial active 8) (4 cores per cpu, 2 threads per core) family 6 model 158 stepping 9 microcode 0xb4, cmov, cx8, fxsr, mmx, sse, sse2, sse3, ssse3, sse4.1, sse4.2, popcnt, avx, avx2, aes, clmul, erms, 3dnowpref, lzcnt, ht, tsc, tscinvbit, bmi1, bmi2, adx, fma

Memory: 4k page, system-wide physical 16265M (3200M free)
TotalPageFile size 54936M (AvailPageFile size 49M)
current process WorkingSet (physical memory assigned to process): 10M, peak: 10M
current process commit charge ("private bytes"): 60M, peak: 316M

vm_info: OpenJDK 64-Bit Server VM (11.0.11+9-b60-7590822) for windows-amd64 JRE (11.0.11+9-b60-7590822), built on Jul 29 2021 21:43:44 by "builder" with MS VC++ 14.0 (VS2015)

END.
